<?xml version="1.0" encoding="UTF-8"?>
<testsuite xmlns:xsi="http://www.w3.org/2001/XMLSchema-instance" xsi:noNamespaceSchemaLocation="https://maven.apache.org/surefire/maven-surefire-plugin/xsd/surefire-test-report.xsd" version="3.0.2" name="com.hotel.mgmt.service.OrderServiceTest" time="0.097" tests="1" errors="0" skipped="0" failures="0" flakes="0">
  <properties>
[...]
</properties>
  <testcase name="testCreateOrder_Success" classname="com.hotel.mgmt.service.OrderServiceTest" time="0.097">
    <system-out><![CDATA[2026-07-11T17:31:03.550-07:00  WARN 20080 --- [           main] com.hotel.mgmt.service.OrderService      : No inventory tracking found for menu item Ribeye Steak (nor generic fallback MAIN_COURSE Ingredients Bulk). Proceeding without stock deduction.
]]></system-out>
  </testcase>
</testsuite>