<?xml version="1.0" encoding="UTF-8"?>
<testsuite xmlns:xsi="http://www.w3.org/2001/XMLSchema-instance" xsi:noNamespaceSchemaLocation="https://maven.apache.org/surefire/maven-surefire-plugin/xsd/surefire-test-report.xsd" version="3.0.2" name="com.hotel.mgmt.HotelReservationBddTest" time="34.346" tests="1" errors="0" skipped="0" failures="0" flakes="0">
  <properties>
[...]
</properties>
  <testcase name="testEndToEndReservationAndBillingFlow" classname="com.hotel.mgmt.HotelReservationBddTest" time="0.538">
    <system-out><![CDATA[17:30:27.409 [main] INFO org.springframework.test.context.support.AnnotationConfigContextLoaderUtils -- Could not detect default configuration classes for test class [com.hotel.mgmt.HotelReservationBddTest]: HotelReservationBddTest does not declare any static, non-private, non-final, nested classes annotated with @Configuration.
17:30:27.452 [main] INFO org.springframework.boot.test.context.SpringBootTestContextBootstrapper -- Found @SpringBootConfiguration com.hotel.mgmt.HotelMgmtApplication for test class com.hotel.mgmt.HotelReservationBddTest
17:30:27.475 [main] INFO org.springframework.test.context.support.AnnotationConfigContextLoaderUtils -- Could not detect default configuration classes for test class [com.hotel.mgmt.HotelReservationBddTest]: HotelReservationBddTest does not declare any static, non-private, non-final, nested classes annotated with @Configuration.
17:30:27.475 [main] INFO org.springframework.test.context.support.AnnotationConfigContextLoaderUtils -- Could not detect default configuration classes for test class [com.hotel.mgmt.BaseIntegrationTest]: BaseIntegrationTest does not declare any static, non-private, non-final, nested classes annotated with @Configuration.
17:30:27.477 [main] INFO org.springframework.boot.test.context.SpringBootTestContextBootstrapper -- Found @SpringBootConfiguration com.hotel.mgmt.HotelMgmtApplication for test class com.hotel.mgmt.HotelReservationBddTest
17:30:27.492 [main] INFO org.testcontainers.images.PullPolicy -- Image pull policy will be performed by: DefaultPullPolicy()
17:30:27.492 [main] INFO org.testcontainers.utility.ImageNameSubstitutor -- Image name substitution will be performed by: DefaultImageNameSubstitutor (composite of 'ConfigurationFileImageNameSubstitutor' and 'PrefixingImageNameSubstitutor')
17:30:27.565 [main] INFO org.testcontainers.dockerclient.DockerClientProviderStrategy -- Loaded org.testcontainers.dockerclient.UnixSocketClientProviderStrategy from ~/.testcontainers.properties, will try it first
17:30:27.653 [main] INFO org.testcontainers.dockerclient.DockerClientProviderStrategy -- Found Docker environment with Environment variables, system properties and defaults. Resolved dockerHost=unix:///Users/vasanthbalakrishnan/.docker/run/docker.sock
17:30:27.654 [main] INFO org.testcontainers.DockerClientFactory -- Docker host IP address is localhost
17:30:27.664 [main] INFO org.testcontainers.DockerClientFactory -- Connected to docker: 
  Server Version: 29.5.3
  API Version: 1.54
  Operating System: Docker Desktop
  Total Memory: 7936 MB
17:30:27.815 [main] INFO tc.testcontainers/ryuk:0.7.0 -- Creating container for image: testcontainers/ryuk:0.7.0
17:30:57.829 [main] INFO org.testcontainers.utility.RegistryAuthLocator -- Failure when attempting to lookup auth config. Please ignore if you don't have images in an authenticated registry. Details: (dockerImageName: testcontainers/ryuk:0.7.0, configFile: /Users/vasanthbalakrishnan/.docker/config.json, configEnv: DOCKER_AUTH_CONFIG). Falling back to docker-java default behaviour. Exception message: Timed out waiting for Process[pid=20094, exitValue="not exited"] to finish, timeout: 30 seconds, executed command [docker-credential-desktop, get], output was 0 bytes:

17:30:57.901 [main] INFO tc.testcontainers/ryuk:0.7.0 -- Container testcontainers/ryuk:0.7.0 is starting: 675863c21ec877cba18e44af6c5252604d3c5620bcb388a20399ef3b34fce0e6
17:30:58.002 [main] INFO tc.testcontainers/ryuk:0.7.0 -- Container testcontainers/ryuk:0.7.0 started in PT30.18736S
17:30:58.005 [main] INFO org.testcontainers.utility.RyukResourceReaper -- Ryuk started - will monitor and terminate Testcontainers containers on JVM exit
17:30:58.006 [main] INFO org.testcontainers.DockerClientFactory -- Checking the system...
17:30:58.006 [main] INFO org.testcontainers.DockerClientFactory -- ✔︎ Docker server version should be at least 1.6.0
17:30:58.006 [main] INFO tc.redis:7-alpine -- Creating container for image: redis:7-alpine
17:30:58.028 [main] INFO tc.redis:7-alpine -- Container redis:7-alpine is starting: c4ff4c27cf4291b4d3d4abbb8ea8a092105b9858f319de3c80a23a047bbfa1ee
17:30:58.150 [main] INFO tc.redis:7-alpine -- Container redis:7-alpine started in PT0.144497S
17:30:58.151 [main] INFO tc.postgres:16-alpine -- Creating container for image: postgres:16-alpine
17:30:58.170 [main] INFO tc.postgres:16-alpine -- Container postgres:16-alpine is starting: a262b0a16a9d187f6be64d272ec6a51ded5027267fdea7a15fb79712eba9b423
17:30:58.779 [main] INFO tc.postgres:16-alpine -- Container postgres:16-alpine started in PT0.627726S
17:30:58.780 [main] INFO tc.postgres:16-alpine -- Container is started (JDBC URL: jdbc:postgresql://localhost:56482/hoteldb?loggerLevel=OFF)

  .   ____          _            __ _ _
 /\\ / ___'_ __ _ _(_)_ __  __ _ \ \ \ \
( ( )\___ | '_ | '_| | '_ \/ _` | \ \ \ \
 \\/  ___)| |_)| | | | | || (_| |  ) ) ) )
  '  |____| .__|_| |_|_| |_\__, | / / / /
 =========|_|==============|___/=/_/_/_/

 :: Spring Boot ::                (v4.1.0)

2026-07-11T17:30:58.925-07:00  INFO 20080 --- [           main] com.hotel.mgmt.HotelReservationBddTest   : Starting HotelReservationBddTest using Java 26.0.1 with PID 20080 (started by vasanthbalakrishnan in /Users/vasanthbalakrishnan/Studies/antigravity/hotel-mgmt-graalvm)
2026-07-11T17:30:58.926-07:00  INFO 20080 --- [           main] com.hotel.mgmt.HotelReservationBddTest   : The following 1 profile is active: "test"
2026-07-11T17:30:59.146-07:00  INFO 20080 --- [           main] .s.d.r.c.RepositoryConfigurationDelegate : Multiple Spring Data modules found, entering strict repository configuration mode
2026-07-11T17:30:59.146-07:00  INFO 20080 --- [           main] .s.d.r.c.RepositoryConfigurationDelegate : Bootstrapping Spring Data JPA repositories in DEFAULT mode.
2026-07-11T17:30:59.200-07:00  INFO 20080 --- [           main] .s.d.r.c.RepositoryConfigurationDelegate : Finished Spring Data repository scanning in 50 ms. Found 8 JPA repository interfaces.
2026-07-11T17:30:59.207-07:00  INFO 20080 --- [           main] .s.d.r.c.RepositoryConfigurationDelegate : Multiple Spring Data modules found, entering strict repository configuration mode
2026-07-11T17:30:59.208-07:00  INFO 20080 --- [           main] .s.d.r.c.RepositoryConfigurationDelegate : Bootstrapping Spring Data Redis repositories in DEFAULT mode.
2026-07-11T17:30:59.213-07:00  INFO 20080 --- [           main] .RepositoryConfigurationExtensionSupport : Spring Data Redis - Could not safely identify store assignment for repository candidate interface com.hotel.mgmt.repository.CustomerRepository; If you want this repository to be a Redis repository, consider annotating your entities with one of these annotations: org.springframework.data.redis.core.RedisHash (preferred), or consider extending one of the following types with your repository: org.springframework.data.keyvalue.repository.KeyValueRepository
2026-07-11T17:30:59.213-07:00  INFO 20080 --- [           main] .RepositoryConfigurationExtensionSupport : Spring Data Redis - Could not safely identify store assignment for repository candidate interface com.hotel.mgmt.repository.InventoryItemRepository; If you want this repository to be a Redis repository, consider annotating your entities with one of these annotations: org.springframework.data.redis.core.RedisHash (preferred), or consider extending one of the following types with your repository: org.springframework.data.keyvalue.repository.KeyValueRepository
2026-07-11T17:30:59.213-07:00  INFO 20080 --- [           main] .RepositoryConfigurationExtensionSupport : Spring Data Redis - Could not safely identify store assignment for repository candidate interface com.hotel.mgmt.repository.MenuItemRepository; If you want this repository to be a Redis repository, consider annotating your entities with one of these annotations: org.springframework.data.redis.core.RedisHash (preferred), or consider extending one of the following types with your repository: org.springframework.data.keyvalue.repository.KeyValueRepository
2026-07-11T17:30:59.214-07:00  INFO 20080 --- [           main] .RepositoryConfigurationExtensionSupport : Spring Data Redis - Could not safely identify store assignment for repository candidate interface com.hotel.mgmt.repository.OrderItemRepository; If you want this repository to be a Redis repository, consider annotating your entities with one of these annotations: org.springframework.data.redis.core.RedisHash (preferred), or consider extending one of the following types with your repository: org.springframework.data.keyvalue.repository.KeyValueRepository
2026-07-11T17:30:59.214-07:00  INFO 20080 --- [           main] .RepositoryConfigurationExtensionSupport : Spring Data Redis - Could not safely identify store assignment for repository candidate interface com.hotel.mgmt.repository.OrderRepository; If you want this repository to be a Redis repository, consider annotating your entities with one of these annotations: org.springframework.data.redis.core.RedisHash (preferred), or consider extending one of the following types with your repository: org.springframework.data.keyvalue.repository.KeyValueRepository
2026-07-11T17:30:59.214-07:00  INFO 20080 --- [           main] .RepositoryConfigurationExtensionSupport : Spring Data Redis - Could not safely identify store assignment for repository candidate interface com.hotel.mgmt.repository.ReservationRepository; If you want this repository to be a Redis repository, consider annotating your entities with one of these annotations: org.springframework.data.redis.core.RedisHash (preferred), or consider extending one of the following types with your repository: org.springframework.data.keyvalue.repository.KeyValueRepository
2026-07-11T17:30:59.214-07:00  INFO 20080 --- [           main] .RepositoryConfigurationExtensionSupport : Spring Data Redis - Could not safely identify store assignment for repository candidate interface com.hotel.mgmt.repository.RoomRepository; If you want this repository to be a Redis repository, consider annotating your entities with one of these annotations: org.springframework.data.redis.core.RedisHash (preferred), or consider extending one of the following types with your repository: org.springframework.data.keyvalue.repository.KeyValueRepository
2026-07-11T17:30:59.214-07:00  INFO 20080 --- [           main] .RepositoryConfigurationExtensionSupport : Spring Data Redis - Could not safely identify store assignment for repository candidate interface com.hotel.mgmt.repository.StaffRepository; If you want this repository to be a Redis repository, consider annotating your entities with one of these annotations: org.springframework.data.redis.core.RedisHash (preferred), or consider extending one of the following types with your repository: org.springframework.data.keyvalue.repository.KeyValueRepository
2026-07-11T17:30:59.214-07:00  INFO 20080 --- [           main] .s.d.r.c.RepositoryConfigurationDelegate : Finished Spring Data repository scanning in 3 ms. Found 0 Redis repository interfaces.
2026-07-11T17:30:59.377-07:00  INFO 20080 --- [           main] o.s.boot.tomcat.TomcatWebServer          : Tomcat initialized with port 0 (http)
2026-07-11T17:30:59.381-07:00  INFO 20080 --- [           main] o.apache.catalina.core.StandardService   : Starting service [Tomcat]
2026-07-11T17:30:59.381-07:00  INFO 20080 --- [           main] o.apache.catalina.core.StandardEngine    : Starting Servlet engine: [Apache Tomcat/11.0.22]
2026-07-11T17:30:59.394-07:00  INFO 20080 --- [           main] b.w.c.s.WebApplicationContextInitializer : Root WebApplicationContext: initialization completed in 463 ms
2026-07-11T17:30:59.478-07:00  INFO 20080 --- [           main] com.zaxxer.hikari.HikariDataSource       : HikariPool-1 - Starting...
2026-07-11T17:30:59.537-07:00  INFO 20080 --- [           main] com.zaxxer.hikari.pool.HikariPool        : HikariPool-1 - Added connection org.postgresql.jdbc.PgConnection@16c1d11
2026-07-11T17:30:59.538-07:00  INFO 20080 --- [           main] com.zaxxer.hikari.HikariDataSource       : HikariPool-1 - Start completed.
2026-07-11T17:30:59.544-07:00  INFO 20080 --- [           main] org.flywaydb.core.FlywayExecutor         : Database: jdbc:postgresql://localhost:56482/hoteldb?loggerLevel=OFF (PostgreSQL 16.14)
2026-07-11T17:30:59.567-07:00  INFO 20080 --- [           main] o.f.c.i.s.JdbcTableSchemaHistory         : Schema history table "public"."flyway_schema_history" does not exist yet
2026-07-11T17:30:59.568-07:00  INFO 20080 --- [           main] o.f.core.internal.command.DbValidate     : Successfully validated 1 migration (execution time 00:00.005s)
2026-07-11T17:30:59.575-07:00  INFO 20080 --- [           main] org.flywaydb.core.Flyway                 : All configured schemas are empty; a baseline marker will not be added to Flyway's schema history table. A baseline or migration script with a lower version than the baseline version may execute if available. Check the Schemas parameter if this is not intended. See https://help.red-gate.com/help/flyway-cli12/help_4.aspx?topic=baseline-on-migrate for more info
2026-07-11T17:30:59.577-07:00  INFO 20080 --- [           main] o.f.c.i.s.JdbcTableSchemaHistory         : Creating Schema History table "public"."flyway_schema_history" ...
2026-07-11T17:30:59.600-07:00  INFO 20080 --- [           main] o.f.core.internal.command.DbMigrate      : Current version of schema "public": << Empty Schema >>
2026-07-11T17:30:59.608-07:00  INFO 20080 --- [           main] o.f.core.internal.command.DbMigrate      : Migrating schema "public" to version "1 - init schema"
2026-07-11T17:30:59.629-07:00  INFO 20080 --- [           main] o.f.core.internal.command.DbMigrate      : Successfully applied 1 migration to schema "public", now at version v1 (execution time 00:00.015s)
2026-07-11T17:30:59.664-07:00  INFO 20080 --- [           main] org.hibernate.orm.jpa                    : HHH008540: Processing PersistenceUnitInfo [name: default]
2026-07-11T17:30:59.679-07:00  INFO 20080 --- [           main] org.hibernate.orm.core                   : HHH000001: Hibernate ORM core version 7.4.1.Final
2026-07-11T17:30:59.788-07:00  INFO 20080 --- [           main] o.s.o.j.p.SpringPersistenceUnitInfo      : No LoadTimeWeaver setup: ignoring JPA class transformer
2026-07-11T17:30:59.803-07:00  WARN 20080 --- [           main] org.hibernate.orm.deprecation            : HHH90000025: PostgreSQLDialect does not need to be specified explicitly using 'hibernate.dialect' (remove the property setting and it will be selected by default)
2026-07-11T17:30:59.808-07:00  INFO 20080 --- [           main] org.hibernate.orm.connections.pooling    : HHH10001005: Database info:
	Database JDBC URL [jdbc:postgresql://localhost:56482/hoteldb?loggerLevel=OFF]
	Database driver: PostgreSQL JDBC Driver
	Database dialect: PostgreSQLDialect
	Database version: 16.14
	Default catalog/schema: hoteldb/public
	Autocommit mode: undefined/unknown
	Isolation level: READ_COMMITTED [default READ_COMMITTED]
	JDBC fetch size: none
	Pool: DataSourceConnectionProvider
	Minimum pool size: undefined/unknown
	Maximum pool size: undefined/unknown
2026-07-11T17:31:00.111-07:00  INFO 20080 --- [           main] org.hibernate.orm.core                   : HHH000489: No JTA platform available (set 'hibernate.transaction.jta.platform' to enable JTA platform integration)
2026-07-11T17:31:00.114-07:00  INFO 20080 --- [           main] j.LocalContainerEntityManagerFactoryBean : Initialized JPA EntityManagerFactory for persistence unit 'default'
2026-07-11T17:31:00.144-07:00  INFO 20080 --- [           main] o.s.d.j.r.query.QueryEnhancerFactories   : Hibernate is in classpath; If applicable, HQL parser will be used.
2026-07-11T17:31:00.506-07:00  WARN 20080 --- [           main] i.n.r.d.DnsServerAddressStreamProviders  : Can not find io.netty.resolver.dns.macos.MacOSDnsServerAddressStreamProvider in the classpath, fallback to system defaults. This may result in incorrect DNS resolutions on MacOS. Check whether you have a dependency on 'io.netty:netty-resolver-dns-native-macos'
2026-07-11T17:31:00.753-07:00  INFO 20080 --- [           main] o.a.c.c.C.[Tomcat].[localhost].[/]       : Initializing Spring TestDispatcherServlet ''
2026-07-11T17:31:00.753-07:00  INFO 20080 --- [           main] o.s.t.web.servlet.TestDispatcherServlet  : Initializing Servlet ''
2026-07-11T17:31:00.753-07:00  INFO 20080 --- [           main] o.s.t.web.servlet.TestDispatcherServlet  : Completed initialization in 0 ms
2026-07-11T17:31:00.768-07:00  INFO 20080 --- [           main] o.s.boot.tomcat.TomcatWebServer          : Tomcat started on port 56515 (http) with context path '/'
2026-07-11T17:31:00.772-07:00  INFO 20080 --- [           main] com.hotel.mgmt.HotelReservationBddTest   : Started HotelReservationBddTest in 1.92 seconds (process running for 33.647)
]]></system-out>
    <system-err><![CDATA[Mockito is currently self-attaching to enable the inline-mock-maker. This will no longer work in future releases of the JDK. Please add Mockito as an agent to your build as described in Mockito's documentation: https://javadoc.io/doc/org.mockito/mockito-core/latest/org.mockito/org/mockito/Mockito.html#0.3
WARNING: A Java agent has been loaded dynamically (/Users/vasanthbalakrishnan/.m2/repository/net/bytebuddy/byte-buddy-agent/1.18.10/byte-buddy-agent-1.18.10.jar)
WARNING: If a serviceability tool is in use, please run with -XX:+EnableDynamicAgentLoading to hide this warning
WARNING: If a serviceability tool is not in use, please run with -Djdk.instrument.traceUsage for more information
WARNING: Dynamic loading of agents will be disallowed by default in a future release
]]></system-err>
  </testcase>
</testsuite>