<?xml version="1.0" encoding="UTF-8"?>
<testsuite xmlns:xsi="http://www.w3.org/2001/XMLSchema-instance" xsi:noNamespaceSchemaLocation="https://maven.apache.org/surefire/maven-surefire-plugin/xsd/surefire-test-report.xsd" version="3.0.2" name="com.hotel.mgmt.service.RoomServiceIntegrationTest" time="1.585" tests="1" errors="0" skipped="0" failures="0" flakes="0">
  <properties>
[...]
</properties>
  <testcase name="testRoomLifecycleAndCaching" classname="com.hotel.mgmt.service.RoomServiceIntegrationTest" time="0.044">
    <system-out><![CDATA[2026-07-11T17:31:01.868-07:00  INFO 20080 --- [           main] t.c.s.AnnotationConfigContextLoaderUtils : Could not detect default configuration classes for test class [com.hotel.mgmt.service.RoomServiceIntegrationTest]: RoomServiceIntegrationTest does not declare any static, non-private, non-final, nested classes annotated with @Configuration.
2026-07-11T17:31:01.878-07:00  INFO 20080 --- [           main] .b.t.c.SpringBootTestContextBootstrapper : Found @SpringBootConfiguration com.hotel.mgmt.HotelMgmtApplication for test class com.hotel.mgmt.service.RoomServiceIntegrationTest
2026-07-11T17:31:01.879-07:00  INFO 20080 --- [           main] t.c.s.AnnotationConfigContextLoaderUtils : Could not detect default configuration classes for test class [com.hotel.mgmt.service.RoomServiceIntegrationTest]: RoomServiceIntegrationTest does not declare any static, non-private, non-final, nested classes annotated with @Configuration.
2026-07-11T17:31:01.879-07:00  INFO 20080 --- [           main] t.c.s.AnnotationConfigContextLoaderUtils : Could not detect default configuration classes for test class [com.hotel.mgmt.BaseIntegrationTest]: BaseIntegrationTest does not declare any static, non-private, non-final, nested classes annotated with @Configuration.
2026-07-11T17:31:01.880-07:00  INFO 20080 --- [           main] .b.t.c.SpringBootTestContextBootstrapper : Found @SpringBootConfiguration com.hotel.mgmt.HotelMgmtApplication for test class com.hotel.mgmt.service.RoomServiceIntegrationTest
2026-07-11T17:31:01.882-07:00  INFO 20080 --- [           main] tc.redis:7-alpine                        : Creating container for image: redis:7-alpine
2026-07-11T17:31:01.915-07:00  INFO 20080 --- [           main] tc.redis:7-alpine                        : Container redis:7-alpine is starting: f3a613743a8ae88ba0b08aba0a39377cd22a50147b581abbc8b49b2652cbd100
2026-07-11T17:31:02.006-07:00  INFO 20080 --- [           main] tc.redis:7-alpine                        : Container redis:7-alpine started in PT0.124938S
2026-07-11T17:31:02.007-07:00  INFO 20080 --- [           main] tc.postgres:16-alpine                    : Creating container for image: postgres:16-alpine
2026-07-11T17:31:02.026-07:00  INFO 20080 --- [           main] tc.postgres:16-alpine                    : Container postgres:16-alpine is starting: cccb19ceb01571ba88c6ddaf43037758e8725220c3f38ceb6b8039f8d353f2bb
2026-07-11T17:31:02.622-07:00  INFO 20080 --- [           main] tc.postgres:16-alpine                    : Container postgres:16-alpine started in PT0.615506S
2026-07-11T17:31:02.623-07:00  INFO 20080 --- [           main] tc.postgres:16-alpine                    : Container is started (JDBC URL: jdbc:postgresql://localhost:56538/hoteldb?loggerLevel=OFF)
2026-07-11T17:31:02.631-07:00  WARN 20080 --- [           main] i.l.core.protocol.ConnectionWatchdog     : Cannot reconnect to [localhost/<unresolved>:56480]: java.util.concurrent.CancellationException
2026-07-11T17:31:02.635-07:00  WARN 20080 --- [           main] i.l.core.protocol.ConnectionWatchdog     : Cannot reconnect to [localhost/<unresolved>:56480]: java.util.concurrent.CancellationException

  .   ____          _            __ _ _
 /\\ / ___'_ __ _ _(_)_ __  __ _ \ \ \ \
( ( )\___ | '_ | '_| | '_ \/ _` | \ \ \ \
 \\/  ___)| |_)| | | | | || (_| |  ) ) ) )
  '  |____| .__|_| |_|_| |_\__, | / / / /
 =========|_|==============|___/=/_/_/_/

 :: Spring Boot ::                (v4.1.0)

2026-07-11T17:31:02.666-07:00  INFO 20080 --- [           main] c.h.m.s.RoomServiceIntegrationTest       : Starting RoomServiceIntegrationTest using Java 26.0.1 with PID 20080 (started by vasanthbalakrishnan in /Users/vasanthbalakrishnan/Studies/antigravity/hotel-mgmt-graalvm)
2026-07-11T17:31:02.667-07:00  INFO 20080 --- [           main] c.h.m.s.RoomServiceIntegrationTest       : The following 1 profile is active: "test"
2026-07-11T17:31:02.730-07:00  INFO 20080 --- [           main] .s.d.r.c.RepositoryConfigurationDelegate : Multiple Spring Data modules found, entering strict repository configuration mode
2026-07-11T17:31:02.730-07:00  INFO 20080 --- [           main] .s.d.r.c.RepositoryConfigurationDelegate : Bootstrapping Spring Data JPA repositories in DEFAULT mode.
2026-07-11T17:31:02.736-07:00  INFO 20080 --- [           main] .s.d.r.c.RepositoryConfigurationDelegate : Finished Spring Data repository scanning in 4 ms. Found 8 JPA repository interfaces.
2026-07-11T17:31:02.737-07:00  INFO 20080 --- [           main] .s.d.r.c.RepositoryConfigurationDelegate : Multiple Spring Data modules found, entering strict repository configuration mode
2026-07-11T17:31:02.737-07:00  INFO 20080 --- [           main] .s.d.r.c.RepositoryConfigurationDelegate : Bootstrapping Spring Data Redis repositories in DEFAULT mode.
2026-07-11T17:31:02.739-07:00  INFO 20080 --- [           main] .RepositoryConfigurationExtensionSupport : Spring Data Redis - Could not safely identify store assignment for repository candidate interface com.hotel.mgmt.repository.CustomerRepository; If you want this repository to be a Redis repository, consider annotating your entities with one of these annotations: org.springframework.data.redis.core.RedisHash (preferred), or consider extending one of the following types with your repository: org.springframework.data.keyvalue.repository.KeyValueRepository
2026-07-11T17:31:02.739-07:00  INFO 20080 --- [           main] .RepositoryConfigurationExtensionSupport : Spring Data Redis - Could not safely identify store assignment for repository candidate interface com.hotel.mgmt.repository.InventoryItemRepository; If you want this repository to be a Redis repository, consider annotating your entities with one of these annotations: org.springframework.data.redis.core.RedisHash (preferred), or consider extending one of the following types with your repository: org.springframework.data.keyvalue.repository.KeyValueRepository
2026-07-11T17:31:02.739-07:00  INFO 20080 --- [           main] .RepositoryConfigurationExtensionSupport : Spring Data Redis - Could not safely identify store assignment for repository candidate interface com.hotel.mgmt.repository.MenuItemRepository; If you want this repository to be a Redis repository, consider annotating your entities with one of these annotations: org.springframework.data.redis.core.RedisHash (preferred), or consider extending one of the following types with your repository: org.springframework.data.keyvalue.repository.KeyValueRepository
2026-07-11T17:31:02.739-07:00  INFO 20080 --- [           main] .RepositoryConfigurationExtensionSupport : Spring Data Redis - Could not safely identify store assignment for repository candidate interface com.hotel.mgmt.repository.OrderItemRepository; If you want this repository to be a Redis repository, consider annotating your entities with one of these annotations: org.springframework.data.redis.core.RedisHash (preferred), or consider extending one of the following types with your repository: org.springframework.data.keyvalue.repository.KeyValueRepository
2026-07-11T17:31:02.739-07:00  INFO 20080 --- [           main] .RepositoryConfigurationExtensionSupport : Spring Data Redis - Could not safely identify store assignment for repository candidate interface com.hotel.mgmt.repository.OrderRepository; If you want this repository to be a Redis repository, consider annotating your entities with one of these annotations: org.springframework.data.redis.core.RedisHash (preferred), or consider extending one of the following types with your repository: org.springframework.data.keyvalue.repository.KeyValueRepository
2026-07-11T17:31:02.739-07:00  INFO 20080 --- [           main] .RepositoryConfigurationExtensionSupport : Spring Data Redis - Could not safely identify store assignment for repository candidate interface com.hotel.mgmt.repository.ReservationRepository; If you want this repository to be a Redis repository, consider annotating your entities with one of these annotations: org.springframework.data.redis.core.RedisHash (preferred), or consider extending one of the following types with your repository: org.springframework.data.keyvalue.repository.KeyValueRepository
2026-07-11T17:31:02.739-07:00  INFO 20080 --- [           main] .RepositoryConfigurationExtensionSupport : Spring Data Redis - Could not safely identify store assignment for repository candidate interface com.hotel.mgmt.repository.RoomRepository; If you want this repository to be a Redis repository, consider annotating your entities with one of these annotations: org.springframework.data.redis.core.RedisHash (preferred), or consider extending one of the following types with your repository: org.springframework.data.keyvalue.repository.KeyValueRepository
2026-07-11T17:31:02.739-07:00  INFO 20080 --- [           main] .RepositoryConfigurationExtensionSupport : Spring Data Redis - Could not safely identify store assignment for repository candidate interface com.hotel.mgmt.repository.StaffRepository; If you want this repository to be a Redis repository, consider annotating your entities with one of these annotations: org.springframework.data.redis.core.RedisHash (preferred), or consider extending one of the following types with your repository: org.springframework.data.keyvalue.repository.KeyValueRepository
2026-07-11T17:31:02.740-07:00  INFO 20080 --- [           main] .s.d.r.c.RepositoryConfigurationDelegate : Finished Spring Data repository scanning in 1 ms. Found 0 Redis repository interfaces.
2026-07-11T17:31:02.777-07:00  INFO 20080 --- [           main] o.s.boot.tomcat.TomcatWebServer          : Tomcat initialized with port 0 (http)
2026-07-11T17:31:02.778-07:00  INFO 20080 --- [           main] o.apache.catalina.core.StandardService   : Starting service [Tomcat]
2026-07-11T17:31:02.778-07:00  INFO 20080 --- [           main] o.apache.catalina.core.StandardEngine    : Starting Servlet engine: [Apache Tomcat/11.0.22]
2026-07-11T17:31:02.784-07:00  INFO 20080 --- [           main] b.w.c.s.WebApplicationContextInitializer : Root WebApplicationContext: initialization completed in 116 ms
2026-07-11T17:31:02.806-07:00  INFO 20080 --- [           main] com.zaxxer.hikari.HikariDataSource       : HikariPool-2 - Starting...
2026-07-11T17:31:02.821-07:00  INFO 20080 --- [           main] com.zaxxer.hikari.pool.HikariPool        : HikariPool-2 - Added connection org.postgresql.jdbc.PgConnection@1202f3a2
2026-07-11T17:31:02.821-07:00  INFO 20080 --- [           main] com.zaxxer.hikari.HikariDataSource       : HikariPool-2 - Start completed.
2026-07-11T17:31:02.822-07:00  INFO 20080 --- [           main] org.flywaydb.core.FlywayExecutor         : Database: jdbc:postgresql://localhost:56538/hoteldb?loggerLevel=OFF (PostgreSQL 16.14)
2026-07-11T17:31:02.830-07:00  INFO 20080 --- [           main] o.f.c.i.s.JdbcTableSchemaHistory         : Schema history table "public"."flyway_schema_history" does not exist yet
2026-07-11T17:31:02.830-07:00  INFO 20080 --- [           main] o.f.core.internal.command.DbValidate     : Successfully validated 1 migration (execution time 00:00.001s)
2026-07-11T17:31:02.834-07:00  INFO 20080 --- [           main] org.flywaydb.core.Flyway                 : All configured schemas are empty; a baseline marker will not be added to Flyway's schema history table. A baseline or migration script with a lower version than the baseline version may execute if available. Check the Schemas parameter if this is not intended. See https://help.red-gate.com/help/flyway-cli12/help_4.aspx?topic=baseline-on-migrate for more info
2026-07-11T17:31:02.835-07:00  INFO 20080 --- [           main] o.f.c.i.s.JdbcTableSchemaHistory         : Creating Schema History table "public"."flyway_schema_history" ...
2026-07-11T17:31:02.846-07:00  INFO 20080 --- [           main] o.f.core.internal.command.DbMigrate      : Current version of schema "public": << Empty Schema >>
2026-07-11T17:31:02.849-07:00  INFO 20080 --- [           main] o.f.core.internal.command.DbMigrate      : Migrating schema "public" to version "1 - init schema"
2026-07-11T17:31:02.866-07:00  INFO 20080 --- [           main] o.f.core.internal.command.DbMigrate      : Successfully applied 1 migration to schema "public", now at version v1 (execution time 00:00.013s)
2026-07-11T17:31:02.875-07:00  INFO 20080 --- [           main] org.hibernate.orm.jpa                    : HHH008540: Processing PersistenceUnitInfo [name: default]
2026-07-11T17:31:02.883-07:00  INFO 20080 --- [           main] o.s.o.j.p.SpringPersistenceUnitInfo      : No LoadTimeWeaver setup: ignoring JPA class transformer
2026-07-11T17:31:02.885-07:00  WARN 20080 --- [           main] org.hibernate.orm.deprecation            : HHH90000025: PostgreSQLDialect does not need to be specified explicitly using 'hibernate.dialect' (remove the property setting and it will be selected by default)
2026-07-11T17:31:02.887-07:00  INFO 20080 --- [           main] org.hibernate.orm.connections.pooling    : HHH10001005: Database info:
	Database JDBC URL [jdbc:postgresql://localhost:56538/hoteldb?loggerLevel=OFF]
	Database driver: PostgreSQL JDBC Driver
	Database dialect: PostgreSQLDialect
	Database version: 16.14
	Default catalog/schema: hoteldb/public
	Autocommit mode: undefined/unknown
	Isolation level: READ_COMMITTED [default READ_COMMITTED]
	JDBC fetch size: none
	Pool: DataSourceConnectionProvider
	Minimum pool size: undefined/unknown
	Maximum pool size: undefined/unknown
2026-07-11T17:31:02.917-07:00  INFO 20080 --- [           main] org.hibernate.orm.core                   : HHH000489: No JTA platform available (set 'hibernate.transaction.jta.platform' to enable JTA platform integration)
2026-07-11T17:31:02.917-07:00  INFO 20080 --- [           main] j.LocalContainerEntityManagerFactoryBean : Initialized JPA EntityManagerFactory for persistence unit 'default'
2026-07-11T17:31:03.022-07:00  INFO 20080 --- [           main] o.s.boot.tomcat.TomcatWebServer          : Tomcat started on port 56554 (http) with context path '/'
2026-07-11T17:31:03.023-07:00  INFO 20080 --- [           main] c.h.m.s.RoomServiceIntegrationTest       : Started RoomServiceIntegrationTest in 0.371 seconds (process running for 35.899)
]]></system-out>
  </testcase>
</testsuite>